[debug] [2021-12-19T20:58:27.099Z] ----------------------------------------------------------------------
[debug] [2021-12-19T20:58:27.101Z] Command:       C:\Program Files\nodejs\node.exe C:\Users\adamo\AppData\Roaming\npm\node_modules\firebase-tools\lib\bin\firebase.js deploy
[debug] [2021-12-19T20:58:27.101Z] CLI Version:   9.23.3
[debug] [2021-12-19T20:58:27.101Z] Platform:      win32
[debug] [2021-12-19T20:58:27.102Z] Node Version:  v16.13.0
[debug] [2021-12-19T20:58:27.103Z] Time:          Sun Dec 19 2021 21:58:27 GMT+0100 (Central European Standard Time)
[debug] [2021-12-19T20:58:27.103Z] ----------------------------------------------------------------------
[debug] 
[debug] [2021-12-19T20:58:27.144Z] > command requires scopes: ["email","openid","https://www.googleapis.com/auth/cloudplatformprojects.readonly","https://www.googleapis.com/auth/firebase","https://www.googleapis.com/auth/cloud-platform"]
[debug] [2021-12-19T20:58:27.144Z] > authorizing via signed-in user (adam.ondrejkovic@gmail.com)
[debug] [2021-12-19T20:58:27.145Z] [iam] checking project pasbites-570e7 for permissions ["firebase.projects.get","firebasehosting.sites.update"]
[debug] [2021-12-19T20:58:27.146Z] > refreshing access token with scopes: ["email","https://www.googleapis.com/auth/cloud-platform","https://www.googleapis.com/auth/cloudplatformprojects.readonly","https://www.googleapis.com/auth/firebase","openid"]
[debug] [2021-12-19T20:58:27.146Z] >>> HTTP REQUEST POST https://www.googleapis.com/oauth2/v3/token  
 <request body omitted>
[debug] [2021-12-19T20:58:27.357Z] <<< HTTP RESPONSE 200 {"expires":"Mon, 01 Jan 1990 00:00:00 GMT","date":"Sun, 19 Dec 2021 20:58:25 GMT","pragma":"no-cache","cache-control":"no-cache, no-store, max-age=0, must-revalidate","content-type":"application/json; charset=utf-8","vary":"X-Origin, Referer, Origin,Accept-Encoding","server":"scaffolding on HTTPServer2","x-xss-protection":"0","x-frame-options":"SAMEORIGIN","x-content-type-options":"nosniff","alt-svc":"h3=\":443\"; ma=2592000,h3-29=\":443\"; ma=2592000,h3-Q050=\":443\"; ma=2592000,h3-Q046=\":443\"; ma=2592000,h3-Q043=\":443\"; ma=2592000,quic=\":443\"; ma=2592000; v=\"46,43\"","accept-ranges":"none","transfer-encoding":"chunked"}
[debug] [2021-12-19T20:58:27.377Z] >>> HTTP REQUEST POST https://cloudresourcemanager.googleapis.com/v1/projects/pasbites-570e7:testIamPermissions  
 {"permissions":["firebase.projects.get","firebasehosting.sites.update"]}
[debug] [2021-12-19T20:58:28.263Z] <<< HTTP RESPONSE 200 {"content-type":"application/json; charset=UTF-8","vary":"X-Origin, Referer, Origin,Accept-Encoding","date":"Sun, 19 Dec 2021 20:58:26 GMT","server":"ESF","cache-control":"private","x-xss-protection":"0","x-frame-options":"SAMEORIGIN","x-content-type-options":"nosniff","server-timing":"gfet4t7; dur=642","alt-svc":"h3=\":443\"; ma=2592000,h3-29=\":443\"; ma=2592000,h3-Q050=\":443\"; ma=2592000,h3-Q046=\":443\"; ma=2592000,h3-Q043=\":443\"; ma=2592000,quic=\":443\"; ma=2592000; v=\"46,43\"","accept-ranges":"none","transfer-encoding":"chunked"}
[debug] [2021-12-19T20:58:28.267Z] > refreshing access token with scopes: []
[debug] [2021-12-19T20:58:28.267Z] >>> HTTP REQUEST POST https://www.googleapis.com/oauth2/v3/token  
 <request body omitted>
[debug] [2021-12-19T20:58:28.447Z] <<< HTTP RESPONSE 200 {"cache-control":"no-cache, no-store, max-age=0, must-revalidate","pragma":"no-cache","date":"Sun, 19 Dec 2021 20:58:26 GMT","expires":"Mon, 01 Jan 1990 00:00:00 GMT","content-type":"application/json; charset=utf-8","vary":"X-Origin, Referer, Origin,Accept-Encoding","server":"scaffolding on HTTPServer2","x-xss-protection":"0","x-frame-options":"SAMEORIGIN","x-content-type-options":"nosniff","alt-svc":"h3=\":443\"; ma=2592000,h3-29=\":443\"; ma=2592000,h3-Q050=\":443\"; ma=2592000,h3-Q046=\":443\"; ma=2592000,h3-Q043=\":443\"; ma=2592000,quic=\":443\"; ma=2592000; v=\"46,43\"","accept-ranges":"none","transfer-encoding":"chunked"}
[debug] [2021-12-19T20:58:28.470Z] >>> [apiv2][query] GET https://firebase.googleapis.com/v1beta1/projects/pasbites-570e7 [none]
[debug] [2021-12-19T20:58:28.872Z] <<< [apiv2][status] GET https://firebase.googleapis.com/v1beta1/projects/pasbites-570e7 200
[debug] [2021-12-19T20:58:28.873Z] <<< [apiv2][body] GET https://firebase.googleapis.com/v1beta1/projects/pasbites-570e7 {"projectId":"pasbites-570e7","projectNumber":"38362458313","displayName":"pasbites","name":"projects/pasbites-570e7","resources":{"hostingSite":"pasbites-570e7"},"state":"ACTIVE"}
[info] 
[info] === Deploying to 'pasbites-570e7'...
[info] 
[info] i  deploying hosting 
[debug] [2021-12-19T20:58:28.879Z] > refreshing access token with scopes: ["email","https://www.googleapis.com/auth/cloud-platform","https://www.googleapis.com/auth/cloudplatformprojects.readonly","https://www.googleapis.com/auth/firebase","openid"]
[debug] [2021-12-19T20:58:28.879Z] >>> HTTP REQUEST POST https://www.googleapis.com/oauth2/v3/token  
 <request body omitted>
[debug] [2021-12-19T20:58:29.051Z] <<< HTTP RESPONSE 200 {"pragma":"no-cache","cache-control":"no-cache, no-store, max-age=0, must-revalidate","expires":"Mon, 01 Jan 1990 00:00:00 GMT","date":"Sun, 19 Dec 2021 20:58:27 GMT","content-type":"application/json; charset=utf-8","vary":"X-Origin, Referer, Origin,Accept-Encoding","server":"scaffolding on HTTPServer2","x-xss-protection":"0","x-frame-options":"SAMEORIGIN","x-content-type-options":"nosniff","alt-svc":"h3=\":443\"; ma=2592000,h3-29=\":443\"; ma=2592000,h3-Q050=\":443\"; ma=2592000,h3-Q046=\":443\"; ma=2592000,h3-Q043=\":443\"; ma=2592000,quic=\":443\"; ma=2592000; v=\"46,43\"","accept-ranges":"none","transfer-encoding":"chunked"}
[debug] [2021-12-19T20:58:29.062Z] >>> HTTP REQUEST POST https://firebasehosting.googleapis.com/v1beta1/sites/pasbites-570e7/versions  
 {"config":{"rewrites":[{"glob":"**","path":"/index.html"}]},"labels":{"deployment-tool":"cli-firebase"}}
[debug] [2021-12-19T20:58:30.410Z] <<< HTTP RESPONSE 200 {"content-type":"application/json; charset=UTF-8","vary":"X-Origin, Referer, Origin,Accept-Encoding","date":"Sun, 19 Dec 2021 20:58:28 GMT","server":"ESF","cache-control":"private","x-xss-protection":"0","x-frame-options":"SAMEORIGIN","x-content-type-options":"nosniff","alt-svc":"h3=\":443\"; ma=2592000,h3-29=\":443\"; ma=2592000,h3-Q050=\":443\"; ma=2592000,h3-Q046=\":443\"; ma=2592000,h3-Q043=\":443\"; ma=2592000,quic=\":443\"; ma=2592000; v=\"46,43\"","accept-ranges":"none","transfer-encoding":"chunked"}
[info] i  hosting[pasbites-570e7]: beginning deploy... 
[info] i  hosting[pasbites-570e7]: found 42 files in dist/honey-shop-website-frontend 
[debug] [2021-12-19T20:58:30.431Z] > refreshing access token with scopes: []
[debug] [2021-12-19T20:58:30.432Z] >>> HTTP REQUEST POST https://www.googleapis.com/oauth2/v3/token  
 <request body omitted>
[debug] [2021-12-19T20:58:30.433Z] [hosting] hash cache [ZGlzdFxob25leS1zaG9wLXdlYnNpdGUtZnJvbnRlbmQ] stored for 42 files
[debug] [2021-12-19T20:58:30.433Z] [hosting][hash queue][FINAL] {"max":3,"min":0,"avg":0,"active":0,"complete":42,"success":42,"errored":0,"retried":0,"total":42,"elapsed":5}
[debug] [2021-12-19T20:58:30.602Z] <<< HTTP RESPONSE 200 {"pragma":"no-cache","date":"Sun, 19 Dec 2021 20:58:28 GMT","cache-control":"no-cache, no-store, max-age=0, must-revalidate","expires":"Mon, 01 Jan 1990 00:00:00 GMT","content-type":"application/json; charset=utf-8","vary":"X-Origin, Referer, Origin,Accept-Encoding","server":"scaffolding on HTTPServer2","x-xss-protection":"0","x-frame-options":"SAMEORIGIN","x-content-type-options":"nosniff","alt-svc":"h3=\":443\"; ma=2592000,h3-29=\":443\"; ma=2592000,h3-Q050=\":443\"; ma=2592000,h3-Q046=\":443\"; ma=2592000,h3-Q043=\":443\"; ma=2592000,quic=\":443\"; ma=2592000; v=\"46,43\"","accept-ranges":"none","transfer-encoding":"chunked"}
[debug] [2021-12-19T20:58:30.612Z] >>> [apiv2][query] POST https://firebasehosting.googleapis.com/v1beta1/sites/pasbites-570e7/versions/ff6ff20948ff3845:populateFiles [none]
[debug] [2021-12-19T20:58:30.612Z] >>> [apiv2][body] POST https://firebasehosting.googleapis.com/v1beta1/sites/pasbites-570e7/versions/ff6ff20948ff3845:populateFiles {"files":{"/119.ee1e6838c11a7b459434.js":"9fe6460fd93109ba59d866dd1b0071eabc9807c7749c3fb2fe4eaab3a90874f2","/3rdpartylicenses.txt":"3d2102b0bc4e86fa229e1d0554e54258974996697116c7a26a7451d328622f7a","/favicon.ico":"b3d5f2ea3a5de68ea8c013a38f4f21d52e42dd0101d3f61cfab174b43f2a1a95","/index.html":"1d1b238ec1a7771816c99ecd2fa827d2389e7bd9ea20da299b2e480d58fd999d","/main.f379184c4739120b686c.js":"d8824dd8edbaa45954067733c2fdbb7c8517c193da2c5014476490a1ce298a1e","/polyfills.fae8fcd7770c257ee464.js":"e0b65278d65cdeee9aa36155b105c363a4158d8db16fcdab8af746bcefe3256a","/runtime.e874c4ee05a781150e13.js":"c4a21dfbe13ff9cd507c86d38dc73e37f702f25fbf461b5cb8182ee4fd2218ca","/styles.7c734a186765b13d329d.css":"38aca0b87c59211152d4633c1fe79b18133d277d57de32da17cf583dda915db7","/assets/email.png":"be85f714b6f164a29c07c93fc21c081c1778e10edaf05ffce31a32f1e7e05f32","/assets/facebook.png":"98e57e97230430a31f5b066ea0e9439b1f5ec6b56098d55a8a5410d687ae15bb","/assets/gmail.png":"2a7b2cde7152c76931c6b96c620f4a72c8220a5900a1a389ec6812d3504be0ef","/assets/home.png":"34aec46f6febbfd4ab930b7e2f543b96708c45ba785285ec70ec52d5ebf4c55c","/assets/instagram.png":"46759984df83e5009e7fa6fa127608e3b476c8e12b60b4987a45f0584b38c8d1","/assets/phone-call.png":"87c88fd14a9058da2e42d2132d1a427133d0c5cdbe4d4e9a0e4fd8f8e181ca2b","/assets/images/honey-candle.jpg":"62ce3ca3fd98ee55d9c56e1affd031f7cf6c0c2fb84f8285d8c4c29e85c07c81","/assets/images/honey-jar.jpg":"7e690a5ca370a5b8530c2c93d13c91cf74d99ff2211843464c3577f76a88bb12","/assets/images/location.png":"8e752655331ef1f9c7701847b91e8e338ac496ca8a7fd6b53cdde4dcc617faa5","/assets/images/logo.png":"ef92069246a46fb507da57349c310fa2e0df90ee3f4bad49c62b3008b53fede2","/assets/images/package.png":"99eaf4a8934d4d58a3fb2b65f7ebcbb414183252921c64fe87fa642f996c0910","/assets/images/shopping-cart.png":"1009221afac8f37ff6fee1ac0db989dce898b595c74e4347559d030023aff62a","/assets/pictures/about.png":"278db934722e70508d643a4669ce4ff51283e1293cf6f7d6a8335e7cb607ab66","/assets/pictures/Bee_Bread.jpg":"6ac426c761b13c2a119e8f6eec0c93547b80fc36ada9c0e783e7aae601045cd0","/assets/pictures/copy.png":"4a42afef94f78656e61ab20e56a7bd54a982a3afac95cf7a9d3771610621d0a9","/assets/pictures/Cover.png":"4ff659d8b5964290dee455933dac66ae40814e2cef00e290df07fad5ef8b9948","/assets/pictures/Double_Soup_Pack.jpg":"a76779f7a2234737d407b114b4918de84529254658a304281c3761421dd99c78","/assets/pictures/Harvesting.jpg":"2dbfc94d025a7a1d25034f71fc1e5510ebf9164888dda8d7e7e1a928ec28b5ad","/assets/pictures/home.png":"e2b9b77abc7efd136c4160ab90b016da782aa31b05daa658b4d3ec89b4915ba8","/assets/pictures/Honey.jpg":"560b52a3f3774e27c0d33b92661b5fa339cbc4cc5139f02045b43382def8165c","/assets/pictures/Honeycomb.jpg":"c59f4b2860d73c63e063b4d7a47ea9144b28f68a9e279dcf1b2e4621532f720b","/assets/pictures/Honey_and_Soup.jpg":"e4d74d2bdcd413d99afdd8922d5485769c921e17f321da791a0d99e8b93258a6","/assets/pictures/listOfSoaps.jpg":"59f93cd62cae24f1fff2d7f41186d60af189a6e7c19dce83767d19c046fa0443","/assets/pictures/newLogo.png":"8682b185e73658721e168c0d923d462ac1d35345de1e830b1e27ed03c4c1ee68","/assets/pictures/Single_Bee.jpg":"0a7654795db696e7ddc92c8ff20b76acc024ac190fd7dac3dbb78fd882981013","/assets/pictures/smallBread.png":"95be2b18672726f15aca055dff3e520bfc7924309ed751e032d97e7276114f11","/assets/pictures/soapNR.jpg":"c32a3452de749e71be11e7a49acc2662a9c3fe7ae0b8064d5726d16161a48ce8","/assets/pictures/soaps.jpg":"17c1c7516cfc44c59bb099e6e4ef2e48fc34494f0ac93b5794209918096ba459","/assets/pictures/stackOfH.png":"1f5cd189a5d97e2e6603556502ddda539dbb88bd4eb5df2bfec2218ce31d35a6","/assets/pictures/Stack_of_Honey.jpg":"a2f6468459f6d4ebaaaa2ceef850f8d0f50f43b92ab9a609c48056307716ce89","/assets/socials/fbIcon.png":"b87f73c3ab3911e9a9e4df31d4fe92704da253c68a37368f6399d32a13b84464","/assets/socials/gmailIcon.png":"7335a1364a9b5bf5e6bd2d51015a8a2575bd0a02dd0ab32e3eed9bb440464b11","/assets/socials/igIcon.png":"8f10f592fa99b24075e72d44ca8b563b6ebe39ac8761aaef13b4ef816e951dd3","/assets/socials/phoneIcon.png":"24aeedb4cc8dc343a201c1c4ccbe074e6340906169b72bb7ee02cd8492ad8d30"}}
[debug] [2021-12-19T20:58:31.846Z] <<< [apiv2][status] POST https://firebasehosting.googleapis.com/v1beta1/sites/pasbites-570e7/versions/ff6ff20948ff3845:populateFiles 200
[debug] [2021-12-19T20:58:31.846Z] <<< [apiv2][body] POST https://firebasehosting.googleapis.com/v1beta1/sites/pasbites-570e7/versions/ff6ff20948ff3845:populateFiles {"uploadRequiredHashes":["2dbfc94d025a7a1d25034f71fc1e5510ebf9164888dda8d7e7e1a928ec28b5ad","e4d74d2bdcd413d99afdd8922d5485769c921e17f321da791a0d99e8b93258a6","95be2b18672726f15aca055dff3e520bfc7924309ed751e032d97e7276114f11","560b52a3f3774e27c0d33b92661b5fa339cbc4cc5139f02045b43382def8165c","59f93cd62cae24f1fff2d7f41186d60af189a6e7c19dce83767d19c046fa0443","e2b9b77abc7efd136c4160ab90b016da782aa31b05daa658b4d3ec89b4915ba8","a76779f7a2234737d407b114b4918de84529254658a304281c3761421dd99c78","c32a3452de749e71be11e7a49acc2662a9c3fe7ae0b8064d5726d16161a48ce8","278db934722e70508d643a4669ce4ff51283e1293cf6f7d6a8335e7cb607ab66","46759984df83e5009e7fa6fa127608e3b476c8e12b60b4987a45f0584b38c8d1","6ac426c761b13c2a119e8f6eec0c93547b80fc36ada9c0e783e7aae601045cd0","a2f6468459f6d4ebaaaa2ceef850f8d0f50f43b92ab9a609c48056307716ce89","0a7654795db696e7ddc92c8ff20b76acc024ac190fd7dac3dbb78fd882981013","1f5cd189a5d97e2e6603556502ddda539dbb88bd4eb5df2bfec2218ce31d35a6","c59f4b2860d73c63e063b4d7a47ea9144b28f68a9e279dcf1b2e4621532f720b","17c1c7516cfc44c59bb099e6e4ef2e48fc34494f0ac93b5794209918096ba459"],"uploadUrl":"https://upload-firebasehosting.googleapis.com/upload/sites/pasbites-570e7/versions/ff6ff20948ff3845/files"}
[debug] [2021-12-19T20:58:31.860Z] >>> [apiv2][query] POST https://upload-firebasehosting.googleapis.com/upload/sites/pasbites-570e7/versions/ff6ff20948ff3845/files/2dbfc94d025a7a1d25034f71fc1e5510ebf9164888dda8d7e7e1a928ec28b5ad [none]
[debug] [2021-12-19T20:58:31.860Z] >>> [apiv2][body] POST https://upload-firebasehosting.googleapis.com/upload/sites/pasbites-570e7/versions/ff6ff20948ff3845/files/2dbfc94d025a7a1d25034f71fc1e5510ebf9164888dda8d7e7e1a928ec28b5ad [stream]
[debug] [2021-12-19T20:58:31.862Z] >>> [apiv2][query] POST https://upload-firebasehosting.googleapis.com/upload/sites/pasbites-570e7/versions/ff6ff20948ff3845/files/e4d74d2bdcd413d99afdd8922d5485769c921e17f321da791a0d99e8b93258a6 [none]
[debug] [2021-12-19T20:58:31.862Z] >>> [apiv2][body] POST https://upload-firebasehosting.googleapis.com/upload/sites/pasbites-570e7/versions/ff6ff20948ff3845/files/e4d74d2bdcd413d99afdd8922d5485769c921e17f321da791a0d99e8b93258a6 [stream]
[debug] [2021-12-19T20:58:31.864Z] >>> [apiv2][query] POST https://upload-firebasehosting.googleapis.com/upload/sites/pasbites-570e7/versions/ff6ff20948ff3845/files/95be2b18672726f15aca055dff3e520bfc7924309ed751e032d97e7276114f11 [none]
[debug] [2021-12-19T20:58:31.864Z] >>> [apiv2][body] POST https://upload-firebasehosting.googleapis.com/upload/sites/pasbites-570e7/versions/ff6ff20948ff3845/files/95be2b18672726f15aca055dff3e520bfc7924309ed751e032d97e7276114f11 [stream]
[debug] [2021-12-19T20:58:31.869Z] >>> [apiv2][query] POST https://upload-firebasehosting.googleapis.com/upload/sites/pasbites-570e7/versions/ff6ff20948ff3845/files/560b52a3f3774e27c0d33b92661b5fa339cbc4cc5139f02045b43382def8165c [none]
[debug] [2021-12-19T20:58:31.869Z] >>> [apiv2][body] POST https://upload-firebasehosting.googleapis.com/upload/sites/pasbites-570e7/versions/ff6ff20948ff3845/files/560b52a3f3774e27c0d33b92661b5fa339cbc4cc5139f02045b43382def8165c [stream]
[debug] [2021-12-19T20:58:31.870Z] >>> [apiv2][query] POST https://upload-firebasehosting.googleapis.com/upload/sites/pasbites-570e7/versions/ff6ff20948ff3845/files/59f93cd62cae24f1fff2d7f41186d60af189a6e7c19dce83767d19c046fa0443 [none]
[debug] [2021-12-19T20:58:31.870Z] >>> [apiv2][body] POST https://upload-firebasehosting.googleapis.com/upload/sites/pasbites-570e7/versions/ff6ff20948ff3845/files/59f93cd62cae24f1fff2d7f41186d60af189a6e7c19dce83767d19c046fa0443 [stream]
[debug] [2021-12-19T20:58:31.871Z] >>> [apiv2][query] POST https://upload-firebasehosting.googleapis.com/upload/sites/pasbites-570e7/versions/ff6ff20948ff3845/files/e2b9b77abc7efd136c4160ab90b016da782aa31b05daa658b4d3ec89b4915ba8 [none]
[debug] [2021-12-19T20:58:31.871Z] >>> [apiv2][body] POST https://upload-firebasehosting.googleapis.com/upload/sites/pasbites-570e7/versions/ff6ff20948ff3845/files/e2b9b77abc7efd136c4160ab90b016da782aa31b05daa658b4d3ec89b4915ba8 [stream]
[debug] [2021-12-19T20:58:31.872Z] >>> [apiv2][query] POST https://upload-firebasehosting.googleapis.com/upload/sites/pasbites-570e7/versions/ff6ff20948ff3845/files/a76779f7a2234737d407b114b4918de84529254658a304281c3761421dd99c78 [none]
[debug] [2021-12-19T20:58:31.872Z] >>> [apiv2][body] POST https://upload-firebasehosting.googleapis.com/upload/sites/pasbites-570e7/versions/ff6ff20948ff3845/files/a76779f7a2234737d407b114b4918de84529254658a304281c3761421dd99c78 [stream]
[debug] [2021-12-19T20:58:31.873Z] >>> [apiv2][query] POST https://upload-firebasehosting.googleapis.com/upload/sites/pasbites-570e7/versions/ff6ff20948ff3845/files/c32a3452de749e71be11e7a49acc2662a9c3fe7ae0b8064d5726d16161a48ce8 [none]
[debug] [2021-12-19T20:58:31.874Z] >>> [apiv2][body] POST https://upload-firebasehosting.googleapis.com/upload/sites/pasbites-570e7/versions/ff6ff20948ff3845/files/c32a3452de749e71be11e7a49acc2662a9c3fe7ae0b8064d5726d16161a48ce8 [stream]
[debug] [2021-12-19T20:58:31.875Z] >>> [apiv2][query] POST https://upload-firebasehosting.googleapis.com/upload/sites/pasbites-570e7/versions/ff6ff20948ff3845/files/278db934722e70508d643a4669ce4ff51283e1293cf6f7d6a8335e7cb607ab66 [none]
[debug] [2021-12-19T20:58:31.875Z] >>> [apiv2][body] POST https://upload-firebasehosting.googleapis.com/upload/sites/pasbites-570e7/versions/ff6ff20948ff3845/files/278db934722e70508d643a4669ce4ff51283e1293cf6f7d6a8335e7cb607ab66 [stream]
[debug] [2021-12-19T20:58:31.876Z] >>> [apiv2][query] POST https://upload-firebasehosting.googleapis.com/upload/sites/pasbites-570e7/versions/ff6ff20948ff3845/files/46759984df83e5009e7fa6fa127608e3b476c8e12b60b4987a45f0584b38c8d1 [none]
[debug] [2021-12-19T20:58:31.876Z] >>> [apiv2][body] POST https://upload-firebasehosting.googleapis.com/upload/sites/pasbites-570e7/versions/ff6ff20948ff3845/files/46759984df83e5009e7fa6fa127608e3b476c8e12b60b4987a45f0584b38c8d1 [stream]
[debug] [2021-12-19T20:58:31.877Z] >>> [apiv2][query] POST https://upload-firebasehosting.googleapis.com/upload/sites/pasbites-570e7/versions/ff6ff20948ff3845/files/6ac426c761b13c2a119e8f6eec0c93547b80fc36ada9c0e783e7aae601045cd0 [none]
[debug] [2021-12-19T20:58:31.877Z] >>> [apiv2][body] POST https://upload-firebasehosting.googleapis.com/upload/sites/pasbites-570e7/versions/ff6ff20948ff3845/files/6ac426c761b13c2a119e8f6eec0c93547b80fc36ada9c0e783e7aae601045cd0 [stream]
[debug] [2021-12-19T20:58:31.877Z] >>> [apiv2][query] POST https://upload-firebasehosting.googleapis.com/upload/sites/pasbites-570e7/versions/ff6ff20948ff3845/files/a2f6468459f6d4ebaaaa2ceef850f8d0f50f43b92ab9a609c48056307716ce89 [none]
[debug] [2021-12-19T20:58:31.878Z] >>> [apiv2][body] POST https://upload-firebasehosting.googleapis.com/upload/sites/pasbites-570e7/versions/ff6ff20948ff3845/files/a2f6468459f6d4ebaaaa2ceef850f8d0f50f43b92ab9a609c48056307716ce89 [stream]
[debug] [2021-12-19T20:58:31.878Z] >>> [apiv2][query] POST https://upload-firebasehosting.googleapis.com/upload/sites/pasbites-570e7/versions/ff6ff20948ff3845/files/0a7654795db696e7ddc92c8ff20b76acc024ac190fd7dac3dbb78fd882981013 [none]
[debug] [2021-12-19T20:58:31.879Z] >>> [apiv2][body] POST https://upload-firebasehosting.googleapis.com/upload/sites/pasbites-570e7/versions/ff6ff20948ff3845/files/0a7654795db696e7ddc92c8ff20b76acc024ac190fd7dac3dbb78fd882981013 [stream]
[debug] [2021-12-19T20:58:31.879Z] >>> [apiv2][query] POST https://upload-firebasehosting.googleapis.com/upload/sites/pasbites-570e7/versions/ff6ff20948ff3845/files/1f5cd189a5d97e2e6603556502ddda539dbb88bd4eb5df2bfec2218ce31d35a6 [none]
[debug] [2021-12-19T20:58:31.879Z] >>> [apiv2][body] POST https://upload-firebasehosting.googleapis.com/upload/sites/pasbites-570e7/versions/ff6ff20948ff3845/files/1f5cd189a5d97e2e6603556502ddda539dbb88bd4eb5df2bfec2218ce31d35a6 [stream]
[debug] [2021-12-19T20:58:31.880Z] >>> [apiv2][query] POST https://upload-firebasehosting.googleapis.com/upload/sites/pasbites-570e7/versions/ff6ff20948ff3845/files/c59f4b2860d73c63e063b4d7a47ea9144b28f68a9e279dcf1b2e4621532f720b [none]
[debug] [2021-12-19T20:58:31.880Z] >>> [apiv2][body] POST https://upload-firebasehosting.googleapis.com/upload/sites/pasbites-570e7/versions/ff6ff20948ff3845/files/c59f4b2860d73c63e063b4d7a47ea9144b28f68a9e279dcf1b2e4621532f720b [stream]
[debug] [2021-12-19T20:58:31.881Z] >>> [apiv2][query] POST https://upload-firebasehosting.googleapis.com/upload/sites/pasbites-570e7/versions/ff6ff20948ff3845/files/17c1c7516cfc44c59bb099e6e4ef2e48fc34494f0ac93b5794209918096ba459 [none]
[debug] [2021-12-19T20:58:31.881Z] >>> [apiv2][body] POST https://upload-firebasehosting.googleapis.com/upload/sites/pasbites-570e7/versions/ff6ff20948ff3845/files/17c1c7516cfc44c59bb099e6e4ef2e48fc34494f0ac93b5794209918096ba459 [stream]
[debug] [2021-12-19T20:58:31.882Z] [hosting][populate queue][FINAL] {"max":1428,"min":1428,"avg":1428,"active":0,"complete":1,"success":1,"errored":0,"retried":0,"total":1,"elapsed":1451}
[debug] [2021-12-19T20:58:31.882Z] [hosting] uploads queued: 16
